[istikbalturut.weebly.com/index.html]
[backblue.gif]
[fade.gif]
[index.html]
[istikbalturut.weebly.com/uploads/1/1/3/6/113624803/editor/resimdac0.jpg]
[istikbalturut.weebly.com/uploads/1/1/3/6/113624803/kel.jpg]
[istikbalturut.weebly.com/uploads/1/1/3/6/113624803/bo-azici.png]
[istikbalturut.weebly.com/uploads/1/1/3/6/113624803/teacher-college-of-ontario.jpg]
[istikbalturut.weebly.com/uploads/1/1/3/6/113624803/george-brown-college.png]
[cdn2.editmysite.com/css/sites29ef.css]
[cdn2.editmysite.com/css/old/fancybox43dc.css]
[istikbalturut.weebly.com/files/main_stylea726.css]
[cdn2.editmysite.com/fonts/Montserrat/fontc81e.css]
[cdn2.editmysite.com/fonts/Arimo/fontc81e.css]
[cdn2.editmysite.com/fonts/Patua_One/fontc81e.css]
[cdn2.editmysite.com/fonts/Alfa_Slab_One/fontc81e.css]
[istikbalturut.weebly.com/files/templateArtifactsa726.js]
[cdn2.editmysite.com/js/jquery-1.8.3.min.js]
[www.google.com/recaptcha/api.js]
[istikbalturut.weebly.com/cdn-cgi/l/email-protection.html]
[istikbalturut.weebly.com/resume.html]
[istikbalturut.weebly.com/cliftonstrengths.html]
[cdn2.editmysite.com/js/lang/en/stl6879.js]
[istikbalturut.weebly.com/401/login18a4.html]
[istikbalturut.weebly.com/teaching-philosophy.html]
[istikbalturut.weebly.com/courses.html]
[istikbalturut.weebly.com/sch3u.html]
[istikbalturut.weebly.com/sch4u.html]
[istikbalturut.weebly.com/mpm1d.html]
[cdn2.editmysite.com/js/site/main29ef.js]
[istikbalturut.weebly.com/mpm2d.html]
[cdn2.editmysite.com/images/site/footer/footer-toast-published-image-1.png]
[istikbalturut.weebly.com/useful-links.html]
[istikbalturut.weebly.com/blog.html]
[cdn2.editmysite.com/js/site/footerSignupea41.js]
[istikbalturut.weebly.com/cdn-cgi/scripts/5c5dd728/cloudflare-static/email-decode.min.js]
[istikbalturut.weebly.com/index.html]
[cdn2.editmysite.com/images/util/videojs/white-bar.png]
[cdn2.editmysite.com/images/util/videojs/@2x/white-bar.png]
[cdn2.editmysite.com/images/util/videojs/gradient.png]
[cdn2.editmysite.com/images/util/videojs/@2x/gradient.png]
[cdn2.editmysite.com/sprites/util/videojs-sacae758aa2.png]
[cdn2.editmysite.com/js/wsnbn/snowday262.js]
[cdn2.editmysite.com/sprites/util/videojs/@2x-s2aff7e7d9a.png]
[cdn2.editmysite.com/images/util/videojs/volume-filled.png]
[cdn2.editmysite.com/images/util/videojs/@2x/volume-filled.png]
[cdn2.editmysite.com/images/util/videojs/volume-mute.png]
[cdn2.editmysite.com/images/util/videojs/@2x/volume-mute.png]
[cdn2.editmysite.com/images/util/videojs/blue-bar.png]
[cdn2.editmysite.com/images/util/videojs/@2x/blue-bar.png]
[cdn2.editmysite.com/images/util/videojs/maximize-icon.png]
[cdn2.editmysite.com/images/util/videojs/@2x/maximize-icon.png]
[cdn2.editmysite.com/images/util/videojs/minimize-icon.png]
[cdn2.editmysite.com/images/util/videojs/@2x/minimize-icon.png]
[cdn2.editmysite.com/images/util/videojs/play-icon.png]
[cdn2.editmysite.com/images/util/videojs/@2x/play-icon.png]
[cdn2.editmysite.com/images/util/videojs/sad-face.png]
[cdn2.editmysite.com/images/util/videojs/@2x/sad-face.png]
[cdn2.editmysite.com/images/util/videojs/loading-icon.png]
[cdn2.editmysite.com/images/util/videojs/@2x/loading-icon.png]
[cdn2.editmysite.com/images/common/buttons/small_grey.png]
[cdn2.editmysite.com/images/common/buttons/small_blue.png]
[cdn2.editmysite.com/images/old/button/large_grey.png]
[cdn2.editmysite.com/images/common/buttons/large_blue.png]
[cdn2.editmysite.com/images/common/search-light.png]
[cdn2.editmysite.com/images/common/social_icons.png]
[cdn2.editmysite.com/images/common/blog/blog-comment-button.png]
[cdn2.editmysite.com/images/common/blog/blog-comment-header.png]
[cdn2.editmysite.com/images/common/blog/blog-comment-pointer.png]
[cdn2.editmysite.com/images/common/blog/blog-comment-link.png]
[cdn2.editmysite.com/images/common/blog/blog-comment-header-author.png]
[cdn2.editmysite.com/images/common/blog/blog-comment-pointer-author.png]
[cdn2.editmysite.com/images/common/blog/blog-comment-field-bg.png]
[cdn2.editmysite.com/images/common/blog/dark-blog-comment-header.png]
[cdn2.editmysite.com/images/common/blog/dark-blog-comment-pointer.png]
[cdn2.editmysite.com/images/common/blog/dark-blog-comment-header-author.png]
[cdn2.editmysite.com/images/common/blog/dark-blog-comment-pointer-author.png]
[cdn2.editmysite.com/images/common/blog/dark-blog-comment-link.png]
[cdn2.editmysite.com/images/util/general/blank.gif]
[cdn2.editmysite.com/js/site/main-customer-accounts-site29ef.js]
[cdn2.editmysite.com/images/common/lightbox/prevlabel.gif]
[cdn2.editmysite.com/images/common/lightbox/nextlabel.gif]
[cdn2.editmysite.com/sprites/util/inputs/checkmarkBox-s7868418152.png]
[cdn2.editmysite.com/sprites/util/inputs/checkmarkBox/@2x-s211a47d318.png]
[cdn2.editmysite.com/images/util/inputs/search-input-bg.jpg]
[cdn2.editmysite.com/images/common/magnifying-glass.png]
[cdn2.editmysite.com/images/common/checkmarks/checkmark-mini.png]
[cdn2.editmysite.com/images/common/checkmarks/@2x/checkmark-mini.png]
[cdn2.editmysite.com/images/common/search-pagination-bg.png]
[cdn2.editmysite.com/images/util/general/top-triangle-000.png]
[cdn2.editmysite.com/images/util/general/bottom-triangle-000.png]
[cdn2.editmysite.com/images/util/general/top-triangle-000@2x.png]
[cdn2.editmysite.com/images/util/general/bottom-triangle-000@2x.png]
[cdn2.editmysite.com/sprites/common/social-icons-s5ea5500bdb.png]
[cdn2.editmysite.com/sprites/common/social-icons/@2x-s0ae7d70c70.png]
[cdn2.editmysite.com/sprites/site/mini-cart-s86c48effae.png]
[cdn2.editmysite.com/sprites/site/mini-cart/@2x-s576cbc3f90.png]
[cdn2.editmysite.com/images/loading.gif]
[cdn2.editmysite.com/sprites/site/mobile/commerce-sdf6d4e852c.png]
[cdn2.editmysite.com/sprites/site/mobile/commerce/@2x-s82f968c453.png]
[cdn2.editmysite.com/images/site/checkout/paypal.png]
[cdn2.editmysite.com/images/site/checkout/@2x/paypal.png]
[cdn2.editmysite.com/images/site/checkout/credit-cards.png]
[cdn2.editmysite.com/images/site/checkout/@2x/credit-cards.png]
[cdn2.editmysite.com/images/site/checkout/print.png]
[cdn2.editmysite.com/images/site/checkout/print@2x.png]
[cdn2.editmysite.com/images/vendor/select2/select2.png]
[cdn2.editmysite.com/images/vendor/select2/select2-spinner.gif]
[cdn2.editmysite.com/images/vendor/select2/select2x2.png]
[cdn2.editmysite.com/images/util/spinner/spinner-dark.png]
[cdn2.editmysite.com/images/util/spinner/spinner-light.png]
[cdn2.editmysite.com/images/util/loading-white-w24.gif]
[cdn2.editmysite.com/images/common/form_input_bg.gif]
[cdn2.editmysite.com/sprites/site/forms-s3786257308.png]
[cdn2.editmysite.com/sprites/site/forms/@2x-s47607b315a.png]
[cdn2.editmysite.com/images/blank.gif]
[cdn2.editmysite.com/images/old/photoswipe/loader.gif]
[cdn2.editmysite.com/images/old/photoswipe/error.gif]
[cdn2.editmysite.com/images/old/photoswipe/icons.png]
[cdn2.editmysite.com/images/old/photoswipe/icons@2x.png]
[cdn2.editmysite.com/css/sites29ef.css]
[cdn2.editmysite.com/images/old/fancybox/fancybox_sprite.png]
[cdn2.editmysite.com/images/old/fancybox/fancybox_loading.gif]
[cdn2.editmysite.com/images/old/fancybox/blank.gif]
[cdn2.editmysite.com/images/old/fancybox/fancybox_overlay.png]
[cdn2.editmysite.com/css/old/fancybox43dc.css]
[istikbalturut.weebly.com/files/theme/footer-bg-bluea726.jpg]
[istikbalturut.weebly.com/files/theme/top-bar-bg-bluea726.jpg]
[istikbalturut.weebly.com/files/theme/social-bluea726.png]
[istikbalturut.weebly.com/files/theme/logo-bg-bluea726.gif]
[istikbalturut.weebly.com/files/theme/booka726.png]
[istikbalturut.weebly.com/files/theme/nav-bg-bluea726.jpg]
[istikbalturut.weebly.com/files/theme/search-bg-bluea726.gif]
[istikbalturut.weebly.com/files/theme/search-button-bluea726.jpg]
[istikbalturut.weebly.com/files/theme/banner-bg-bluea726.jpg]
[istikbalturut.weebly.com/files/theme/banner-tall-bga726.png]
[istikbalturut.weebly.com/files/theme/banner-talla726.jpg]
[istikbalturut.weebly.com/files/theme/banner-short-bg-repeat-bluea726.gif]
[istikbalturut.weebly.com/files/theme/banner-short-bga726.png]
[istikbalturut.weebly.com/files/theme/banner-shorta726.jpg]
[istikbalturut.weebly.com/files/theme/no-banner-bg-bluea726.gif]
[istikbalturut.weebly.com/files/theme/banner-landing-bga726.png]
[istikbalturut.weebly.com/files/theme/banner-landinga726.jpg]
[istikbalturut.weebly.com/files/theme/bullet-bluea726.gif]
[istikbalturut.weebly.com/files/theme/button-highlight-bluea726.png]
[istikbalturut.weebly.com/files/theme/button-large-highlight-bluea726.png]
[istikbalturut.weebly.com/files/theme/button-bluea726.png]
[istikbalturut.weebly.com/files/theme/button-large-bluea726.png]
[istikbalturut.weebly.com/files/main_stylea726.css]
[cdn2.editmysite.com/fonts/Montserrat/regular.woff2]
[cdn2.editmysite.com/fonts/Montserrat/regular.woff]
[cdn2.editmysite.com/fonts/Montserrat/regular.eot]
[cdn2.editmysite.com/fonts/Montserrat/regulard41d.eot]
[cdn2.editmysite.com/fonts/Montserrat/bold.woff2]
[cdn2.editmysite.com/fonts/Montserrat/bold.woff]
[cdn2.editmysite.com/fonts/Montserrat/bold.eot]
[cdn2.editmysite.com/fonts/Montserrat/regular.ttf]
[cdn2.editmysite.com/fonts/Montserrat/fontc81e.css]
[cdn2.editmysite.com/fonts/Arimo/regular.woff2]
[cdn2.editmysite.com/fonts/Montserrat/boldd41d.eot]
[cdn2.editmysite.com/fonts/Arimo/regular.woff]
[cdn2.editmysite.com/fonts/Arimo/regular.eot]
[cdn2.editmysite.com/fonts/Montserrat/bold.ttf]
[cdn2.editmysite.com/fonts/Arimo/bold.woff2]
[cdn2.editmysite.com/fonts/Arimo/regulard41d.eot]
[cdn2.editmysite.com/fonts/Arimo/regular.ttf]
[cdn2.editmysite.com/fonts/Arimo/bold.eot]
[cdn2.editmysite.com/fonts/Arimo/bold.woff]
[cdn2.editmysite.com/fonts/Arimo/boldd41d.eot]
[cdn2.editmysite.com/fonts/Arimo/italic.woff2]
[cdn2.editmysite.com/fonts/Arimo/italic.woff]
[cdn2.editmysite.com/fonts/Arimo/bold.ttf]
[cdn2.editmysite.com/fonts/Arimo/italic.eot]
[cdn2.editmysite.com/fonts/Arimo/bolditalic.woff2]
[cdn2.editmysite.com/fonts/Arimo/italicd41d.eot]
[cdn2.editmysite.com/fonts/Arimo/italic.ttf]
[cdn2.editmysite.com/fonts/Arimo/bolditalic.eot]
[cdn2.editmysite.com/fonts/Arimo/bolditalic.woff]
[cdn2.editmysite.com/fonts/Arimo/fontc81e.css]
[cdn2.editmysite.com/fonts/Arimo/bolditalicd41d.eot]
[cdn2.editmysite.com/fonts/Patua_One/regular.woff2]
[cdn2.editmysite.com/fonts/Arimo/bolditalic.ttf]
[cdn2.editmysite.com/fonts/Patua_One/regular.woff]
[cdn2.editmysite.com/fonts/Patua_One/regular.eot]
[cdn2.editmysite.com/fonts/Patua_One/fontc81e.css]
[cdn2.editmysite.com/fonts/Patua_One/regulard41d.eot]
[cdn2.editmysite.com/fonts/Alfa_Slab_One/regular.woff2]
[cdn2.editmysite.com/fonts/Patua_One/regular.ttf]
[cdn2.editmysite.com/fonts/Alfa_Slab_One/regular.woff]
[cdn2.editmysite.com/fonts/Alfa_Slab_One/regular.eot]
[cdn2.editmysite.com/fonts/Alfa_Slab_One/fontc81e.css]
[istikbalturut.weebly.com/files/templateArtifactsa726.js]
[istikbalturut.weebly.com/cdn-cgi/l/email-protection.html]
[istikbalturut.weebly.com/uploads/1/1/3/6/113624803/published/screenshot-20200202-164216-instagram-698235de.jpg]
[cdn2.editmysite.com/fonts/Alfa_Slab_One/regulard41d.eot]
[istikbalturut.weebly.com/uploads/1/1/3/6/113624803/resume_for_chemistry_teacher.pdf]
[istikbalturut.weebly.com/resume.html]
[cdn2.editmysite.com/fonts/Alfa_Slab_One/regular.ttf]
[istikbalturut.weebly.com/uploads/1/1/3/6/113624803/editor/strength7b2a.png]
[istikbalturut.weebly.com/uploads/1/1/3/6/113624803/published/domain1a04.png]
[cdn2.editmysite.com/css/sitesacf3.css]
[istikbalturut.weebly.com/cliftonstrengths.html]
[istikbalturut.weebly.com/gdpr/gdprscriptea41.js]
[istikbalturut.weebly.com/401/login18a4.html]
[cdn2.editmysite.com/images/site/footer/og-image-placeholder-blank.png]
[cdn2.editmysite.com/css/sitesd077.css]
[cdn2.editmysite.com/js/lang/en/stl8ec7.js]
[cdn2.editmysite.com/js/lang/en/stla8bf.js]
[cdn2.editmysite.com/js/site/mainacf3.js]
[istikbalturut.weebly.com/teaching-philosophy.html]
[istikbalturut.weebly.com/uploads/1/1/3/6/113624803/courseoutlineyayin.pdf]
[cdn2.editmysite.com/js/site/main-customer-accounts-siteacf3.js]
[istikbalturut.weebly.com/uploads/1/1/3/6/113624803/rubric_example.pdf]
[cdn2.editmysite.com/js/site/maind077.js]
[istikbalturut.weebly.com/uploads/1/1/3/6/113624803/istikbal_turut_lesson_plan.pdf]
[cdn2.editmysite.com/js/site/main-customer-accounts-sited077.js]
[istikbalturut.weebly.com/courses.html]
[istikbalturut.weebly.com/uploads/1/1/3/6/113624803/sch3u_syllabus.pdf]
[istikbalturut.weebly.com/uploads/1/1/3/6/113624803/competiton.ppt]
[istikbalturut.weebly.com/uploads/1/1/3/6/113624803/the_production_of_hydrogen_gas.pdf]
[istikbalturut.weebly.com/uploads/1/1/3/6/113624803/periodic_tabl.ppt]
[istikbalturut.weebly.com/uploads/1/1/3/6/113624803/worksheet_chemical_bonds.doc]
[istikbalturut.weebly.com/uploads/1/1/3/6/113624803/worksheet_chemical_bonds_2.pdf]
[istikbalturut.weebly.com/uploads/1/1/3/6/113624803/chemical_bond_definition_assign..pdf]
[istikbalturut.weebly.com/uploads/1/1/3/6/113624803/chem11_blm_06_5.pdf]
[istikbalturut.weebly.com/uploads/1/1/3/6/113624803/mole_calculations-1.pdf]
[istikbalturut.weebly.com/uploads/1/1/3/6/113624803/chem11_blm_06_9.pdf]
[istikbalturut.weebly.com/uploads/1/1/3/6/113624803/mole_calculations-2.pdf]
[istikbalturut.weebly.com/uploads/1/1/3/6/113624803/stoichiometry1.pdf]
[istikbalturut.weebly.com/uploads/1/1/3/6/113624803/stoichiometric_calculations.pdf]
[istikbalturut.weebly.com/uploads/1/1/3/6/113624803/limiting___excess_reagent.pdf]
[istikbalturut.weebly.com/uploads/1/1/3/6/113624803/chemical_calculations.pdf]
[istikbalturut.weebly.com/uploads/1/1/3/6/113624803/soluble_slightly_soluble_or_insoluble.ppt]
[istikbalturut.weebly.com/sch3u.html]
[istikbalturut.weebly.com/uploads/1/1/3/6/113624803/sch4u_syllabus.pdf]
[istikbalturut.weebly.com/uploads/1/1/3/6/113624803/acid-base_equilibrium.pptx]
[istikbalturut.weebly.com/uploads/1/1/3/6/113624803/chemical_equilbrium_new.pptx]
[istikbalturut.weebly.com/uploads/1/1/3/6/113624803/overall_expectations_and_big_ideas.pdf]
[istikbalturut.weebly.com/uploads/1/1/3/6/113624803/methanol.ppt]
[istikbalturut.weebly.com/uploads/1/1/3/6/113624803/analogy_primarysecondary_and_tertiary_alcohols.ppt]
[istikbalturut.weebly.com/uploads/1/1/3/6/113624803/grain_and_wood_alcohol.ppt]
[istikbalturut.weebly.com/uploads/1/1/3/6/113624803/puzzle_alcohols.ppt]
[istikbalturut.weebly.com/uploads/1/1/3/6/113624803/nelson_chapter_5_definitions.pdf]
[istikbalturut.weebly.com/uploads/1/1/3/6/113624803/reaction_heat.pdf]
[istikbalturut.weebly.com/uploads/1/1/3/6/113624803/nelson_chapter_6_definitions.pdf]
[istikbalturut.weebly.com/uploads/1/1/3/6/113624803/reaction_rate.pdf]
[istikbalturut.weebly.com/sch4u.html]
[istikbalturut.weebly.com/mpm1d.html]
[cdn2.editmysite.com/css/sites35f3.css]
[istikbalturut.weebly.com/polymers.html]
[istikbalturut.weebly.com/mpm2d.html]
[istikbalturut.weebly.com/useful-links.html]
[istikbalturut.weebly.com/blog.html]
[cdn2.editmysite.com/css/sitesacf3.css]
[cdn2.editmysite.com/css/sitesd077.css]
[istikbalturut.weebly.com/uploads/1/1/3/6/113624803/2.1_and_2.2_.pdf]
[cdn2.editmysite.com/js/lang/en/stl51d2.js]
[istikbalturut.weebly.com/uploads/1/1/3/6/113624803/2.6_natural_polymers_sch4u.pdf]
[cdn2.editmysite.com/js/site/main35f3.js]
[istikbalturut.weebly.com/uploads/1/1/3/6/113624803/2.6_natural_polymers.pptx]
[cdn2.editmysite.com/js/site/main-customer-accounts-site35f3.js]
[istikbalturut.weebly.com/polymers.html]
[cdn2.editmysite.com/css/sites35f3.css]
